[debug] [2022-02-20T15:39:15.893Z] ----------------------------------------------------------------------
[debug] [2022-02-20T15:39:15.901Z] Command:       C:\Program Files\nodejs\node.exe C:\Users\moham\AppData\Roaming\npm\node_modules\firebase-tools\lib\bin\firebase.js init
[debug] [2022-02-20T15:39:15.902Z] CLI Version:   9.22.0
[debug] [2022-02-20T15:39:15.902Z] Platform:      win32
[debug] [2022-02-20T15:39:15.902Z] Node Version:  v14.17.1
[debug] [2022-02-20T15:39:15.904Z] Time:          Sun Feb 20 2022 21:39:15 GMT+0600 (Bangladesh Standard Time)
[debug] [2022-02-20T15:39:15.904Z] ----------------------------------------------------------------------
[debug] 
[debug] [2022-02-20T15:39:16.035Z] > command requires scopes: ["email","openid","https://www.googleapis.com/auth/cloudplatformprojects.readonly","https://www.googleapis.com/auth/firebase","https://www.googleapis.com/auth/cloud-platform"]
[debug] [2022-02-20T15:39:16.036Z] > authorizing via signed-in user (mohammad15-2051@diu.edu.bd)
[info] 
     ######## #### ########  ######## ########     ###     ######  ########
     ##        ##  ##     ## ##       ##     ##  ##   ##  ##       ##
     ######    ##  ########  ######   ########  #########  ######  ######
     ##        ##  ##    ##  ##       ##     ## ##     ##       ## ##
     ##       #### ##     ## ######## ########  ##     ##  ######  ########

You're about to initialize a Firebase project in this directory:

  C:\Users\moham\OneDrive\Desktop\project\Project\doctors-portal

Before we get started, keep in mind:

  * You are initializing within an existing Firebase project directory

